<?xml version="1.0" encoding="UTF-8"?>
<testng-results skipped="0" failed="0" ignored="0" total="2" passed="2">
  <reporter-output>
  </reporter-output>
  <suite name="Default suite" duration-ms="28538" started-at="2018-08-03T10:59:11Z" finished-at="2018-08-03T10:59:40Z">
    <groups>
    </groups>
    <test name="Default test" duration-ms="28538" started-at="2018-08-03T10:59:11Z" finished-at="2018-08-03T10:59:40Z">
      <class name="testCases.Login_01">
        <test-method status="PASS" signature="loginTest1()[pri:0, instance:testCases.Login_01@3bffddff]" name="loginTest1" duration-ms="19858" started-at="2018-08-03T16:29:12Z" description="navigation test" finished-at="2018-08-03T16:29:31Z">
          <reporter-output>
          </reporter-output>
        </test-method> <!-- loginTest1 -->
        <test-method status="PASS" signature="loginTest2()[pri:0, instance:testCases.Login_01@3bffddff]" name="loginTest2" duration-ms="8327" started-at="2018-08-03T16:29:32Z" description="Login test" finished-at="2018-08-03T16:29:40Z">
          <reporter-output>
          </reporter-output>
        </test-method> <!-- loginTest2 -->
      </class> <!-- testCases.Login_01 -->
    </test> <!-- Default test -->
  </suite> <!-- Default suite -->
</testng-results>
