<?xml version="1.0" encoding="UTF-8"?>
<testng-results skipped="0" failed="0" ignored="0" total="1" passed="1">
  <reporter-output>
  </reporter-output>
  <suite name="Smoke Test suite" duration-ms="33087" started-at="2018-08-30T08:17:17Z" finished-at="2018-08-30T08:17:50Z">
    <groups>
    </groups>
    <test name="Onboarding test" duration-ms="33087" started-at="2018-08-30T08:17:17Z" finished-at="2018-08-30T08:17:50Z">
      <class name="testCases.Login_01">
        <test-method status="PASS" signature="navigateToSite()[pri:0, instance:testCases.Login_01@47874b25]" name="navigateToSite" duration-ms="32649" started-at="2018-08-30T08:17:17Z" description="navigation test" finished-at="2018-08-30T08:17:50Z">
          <reporter-output>
          </reporter-output>
        </test-method> <!-- navigateToSite -->
      </class> <!-- testCases.Login_01 -->
    </test> <!-- Onboarding test -->
  </suite> <!-- Smoke Test suite -->
</testng-results>
